[debug] [2021-03-30T09:23:17.606Z] ----------------------------------------------------------------------
[debug] [2021-03-30T09:23:17.609Z] Command:       C:\Program Files\nodejs\node.exe C:\Users\nisha\AppData\Roaming\npm\node_modules\firebase-tools\lib\bin\firebase.js init
[debug] [2021-03-30T09:23:17.609Z] CLI Version:   9.2.1
[debug] [2021-03-30T09:23:17.609Z] Platform:      win32
[debug] [2021-03-30T09:23:17.609Z] Node Version:  v14.15.1
[debug] [2021-03-30T09:23:17.611Z] Time:          Tue Mar 30 2021 14:53:17 GMT+0530 (India Standard Time)
[debug] [2021-03-30T09:23:17.611Z] ----------------------------------------------------------------------
[debug] [2021-03-30T09:23:17.611Z] 
[debug] [2021-03-30T09:23:17.620Z] > command requires scopes: ["email","openid","https://www.googleapis.com/auth/cloudplatformprojects.readonly","https://www.googleapis.com/auth/firebase","https://www.googleapis.com/auth/cloud-platform"]
[debug] [2021-03-30T09:23:17.621Z] > authorizing via signed-in user
[info] 
     ######## #### ########  ######## ########     ###     ######  ########
     ##        ##  ##     ## ##       ##     ##  ##   ##  ##       ##
     ######    ##  ########  ######   ########  #########  ######  ######
     ##        ##  ##    ##  ##       ##     ## ##     ##       ## ##
     ##       #### ##     ## ######## ########  ##     ##  ######  ########

You're about to initialize a Firebase project in this directory:

  E:\Angular Workspace\Angular\ShoppingCart-master\dist

[info] 
=== Project Setup
[info] 
[info] First, let's associate this project directory with a Firebase project.
[info] You can create multiple project aliases by running firebase use --add, 
[info] but for now we'll just set up a default project.
[info] 
[debug] [2021-03-30T09:23:33.418Z] > refreshing access token with scopes: []
[debug] [2021-03-30T09:23:33.418Z] >>> HTTP REQUEST POST https://www.googleapis.com/oauth2/v3/token  
 <request body omitted>
[debug] [2021-03-30T09:23:33.666Z] <<< HTTP RESPONSE 200 {"date":"Tue, 30 Mar 2021 09:23:21 GMT","cache-control":"no-cache, no-store, max-age=0, must-revalidate","pragma":"no-cache","expires":"Mon, 01 Jan 1990 00:00:00 GMT","content-type":"application/json; charset=utf-8","vary":"X-Origin, Referer, Origin,Accept-Encoding","server":"scaffolding on HTTPServer2","x-xss-protection":"0","x-frame-options":"SAMEORIGIN","x-content-type-options":"nosniff","alt-svc":"h3-29=\":443\"; ma=2592000,h3-T051=\":443\"; ma=2592000,h3-Q050=\":443\"; ma=2592000,h3-Q046=\":443\"; ma=2592000,h3-Q043=\":443\"; ma=2592000,quic=\":443\"; ma=2592000; v=\"46,43\"","accept-ranges":"none","transfer-encoding":"chunked"}
[debug] [2021-03-30T09:23:33.868Z] >>> [apiv2][query] GET https://firebase.googleapis.com/v1beta1/projects pageSize=100
[debug] [2021-03-30T09:23:34.510Z] <<< [apiv2][status] GET https://firebase.googleapis.com/v1beta1/projects 200
[debug] [2021-03-30T09:23:34.511Z] <<< [apiv2][body] GET https://firebase.googleapis.com/v1beta1/projects [omitted]
